<?xml version="1.0" encoding="UTF-8"?>
<testsuites>
    <testsuite name="entering-contestant-tickets-and-running-raffle-on-e-raffle-app;navigating-to-ticket-submission-page" tests="3" failures="0" skipped="0">
        <properties>
            <property name="URI" value="/Users/shishirmadari/Documents/Personal/technical/e-raffle/test/features/e-raffle.feature">
            </property>
        </properties>
        <testcase name="Given I am on the E-Raffle app" classname="entering-contestant-tickets-and-running-raffle-on-e-raffle-app;navigating-to-ticket-submission-page" time="2.12261452">
        </testcase>
        <testcase name="When I click on &quot;submit tickets&quot;" classname="entering-contestant-tickets-and-running-raffle-on-e-raffle-app;navigating-to-ticket-submission-page" time="0.208566264">
        </testcase>
        <testcase name="Then I should see the page updated to &quot;Ticket Submission&quot;" classname="entering-contestant-tickets-and-running-raffle-on-e-raffle-app;navigating-to-ticket-submission-page" time="0.038437929">
        </testcase>
    </testsuite>
    <testsuite name="entering-contestant-tickets-and-running-raffle-on-e-raffle-app;submitting-contestant-tickets-successfully" tests="7" failures="0" skipped="0">
        <properties>
            <property name="URI" value="/Users/shishirmadari/Documents/Personal/technical/e-raffle/test/features/e-raffle.feature">
            </property>
        </properties>
        <testcase name="Given I am on the E-Raffle app" classname="entering-contestant-tickets-and-running-raffle-on-e-raffle-app;submitting-contestant-tickets-successfully" time="1.670234407">
        </testcase>
        <testcase name="When I click on &quot;submit tickets&quot;" classname="entering-contestant-tickets-and-running-raffle-on-e-raffle-app;submitting-contestant-tickets-successfully" time="0.145191234">
        </testcase>
        <testcase name="And Navigate to &quot;Ticket Submission&quot;" classname="entering-contestant-tickets-and-running-raffle-on-e-raffle-app;submitting-contestant-tickets-successfully" time="0.032378078">
        </testcase>
        <testcase name="And I enter name &quot;Shishir&quot;" classname="entering-contestant-tickets-and-running-raffle-on-e-raffle-app;submitting-contestant-tickets-successfully" time="0.000801366">
        </testcase>
        <testcase name="And I enter tickets &quot;10&quot;" classname="entering-contestant-tickets-and-running-raffle-on-e-raffle-app;submitting-contestant-tickets-successfully" time="0.000677859">
        </testcase>
        <testcase name="And I click on &quot;submit&quot;" classname="entering-contestant-tickets-and-running-raffle-on-e-raffle-app;submitting-contestant-tickets-successfully" time="0.547339573">
        </testcase>
        <testcase name="Then I should see an alert saying &quot;Entry made!&quot;" classname="entering-contestant-tickets-and-running-raffle-on-e-raffle-app;submitting-contestant-tickets-successfully" time="0.000224841">
        </testcase>
    </testsuite>
    <testsuite name="entering-contestant-tickets-and-running-raffle-on-e-raffle-app;submitting-tickets-but-no-participant" tests="6" failures="0" skipped="0">
        <properties>
            <property name="URI" value="/Users/shishirmadari/Documents/Personal/technical/e-raffle/test/features/e-raffle.feature">
            </property>
        </properties>
        <testcase name="Given I am on the E-Raffle app" classname="entering-contestant-tickets-and-running-raffle-on-e-raffle-app;submitting-tickets-but-no-participant" time="1.792044129">
        </testcase>
        <testcase name="When I click on &quot;submit tickets&quot;" classname="entering-contestant-tickets-and-running-raffle-on-e-raffle-app;submitting-tickets-but-no-participant" time="0.171416081">
        </testcase>
        <testcase name="And Navigate to &quot;Ticket Submission&quot;" classname="entering-contestant-tickets-and-running-raffle-on-e-raffle-app;submitting-tickets-but-no-participant" time="0.042562973">
        </testcase>
        <testcase name="And I enter tickets &quot;10&quot;" classname="entering-contestant-tickets-and-running-raffle-on-e-raffle-app;submitting-tickets-but-no-participant" time="0.000997904">
        </testcase>
        <testcase name="And I click on &quot;submit&quot;" classname="entering-contestant-tickets-and-running-raffle-on-e-raffle-app;submitting-tickets-but-no-participant" time="0.306650199">
        </testcase>
        <testcase name="Then I should see an alert saying &quot;Please enter a name and number of tickets&quot;" classname="entering-contestant-tickets-and-running-raffle-on-e-raffle-app;submitting-tickets-but-no-participant" time="0.000095547">
        </testcase>
    </testsuite>
</testsuites>